0 info it worked if it ends with ok
1 verbose cli [ 'node',
1 verbose cli   '/usr/local/bin/npm',
1 verbose cli   'install',
1 verbose cli   '--save-dev',
1 verbose cli   'streamqueu' ]
2 info using npm@1.4.28
3 info using node@v0.10.33
4 warn package.json BNM_digital_styleguide@1.0.0 No description
5 warn package.json BNM_digital_styleguide@1.0.0 No repository field.
6 warn package.json BNM_digital_styleguide@1.0.0 No README data
7 verbose readDependencies using package.json deps
8 verbose cache add [ 'streamqueu', null ]
9 verbose cache add name=undefined spec="streamqueu" args=["streamqueu",null]
10 verbose parsed url { protocol: null,
10 verbose parsed url   slashes: null,
10 verbose parsed url   auth: null,
10 verbose parsed url   host: null,
10 verbose parsed url   port: null,
10 verbose parsed url   hostname: null,
10 verbose parsed url   hash: null,
10 verbose parsed url   search: null,
10 verbose parsed url   query: null,
10 verbose parsed url   pathname: 'streamqueu',
10 verbose parsed url   path: 'streamqueu',
10 verbose parsed url   href: 'streamqueu' }
11 silly lockFile cd27a47b-streamqueu streamqueu
12 verbose lock streamqueu /Users/mparker/.npm/cd27a47b-streamqueu.lock
13 silly lockFile cd27a47b-streamqueu streamqueu
14 silly lockFile cd27a47b-streamqueu streamqueu
15 verbose addNamed [ 'streamqueu', '' ]
16 verbose addNamed [ null, '*' ]
17 silly lockFile 69a2e0b3-streamqueu streamqueu@
18 verbose lock streamqueu@ /Users/mparker/.npm/69a2e0b3-streamqueu.lock
19 silly addNameRange { name: 'streamqueu', range: '*', hasData: false }
20 verbose request where is /streamqueu
21 verbose request registry https://registry.npmjs.org/
22 verbose request id 86412ba922a27767
23 verbose url raw /streamqueu
24 verbose url resolving [ 'https://registry.npmjs.org/', './streamqueu' ]
25 verbose url resolved https://registry.npmjs.org/streamqueu
26 verbose request where is https://registry.npmjs.org/streamqueu
27 info trying registry request attempt 1 at 16:51:14
28 http GET https://registry.npmjs.org/streamqueu
29 http 404 https://registry.npmjs.org/streamqueu
30 verbose headers { date: 'Tue, 03 Mar 2015 05:51:15 GMT',
30 verbose headers   server: 'CouchDB/1.5.0 (Erlang OTP/R16B03)',
30 verbose headers   'content-type': 'application/json',
30 verbose headers   'cache-control': 'max-age=0',
30 verbose headers   'content-length': '52',
30 verbose headers   'accept-ranges': 'bytes',
30 verbose headers   via: '1.1 varnish',
30 verbose headers   age: '0',
30 verbose headers   'x-served-by': 'cache-syd1622-SYD',
30 verbose headers   'x-cache': 'MISS',
30 verbose headers   'x-cache-hits': '0',
30 verbose headers   'x-timer': 'S1425361874.759458,VS0,VE767',
30 verbose headers   'keep-alive': 'timeout=10, max=50',
30 verbose headers   connection: 'Keep-Alive' }
31 silly registry.get cb [ 404,
31 silly registry.get   { date: 'Tue, 03 Mar 2015 05:51:15 GMT',
31 silly registry.get     server: 'CouchDB/1.5.0 (Erlang OTP/R16B03)',
31 silly registry.get     'content-type': 'application/json',
31 silly registry.get     'cache-control': 'max-age=0',
31 silly registry.get     'content-length': '52',
31 silly registry.get     'accept-ranges': 'bytes',
31 silly registry.get     via: '1.1 varnish',
31 silly registry.get     age: '0',
31 silly registry.get     'x-served-by': 'cache-syd1622-SYD',
31 silly registry.get     'x-cache': 'MISS',
31 silly registry.get     'x-cache-hits': '0',
31 silly registry.get     'x-timer': 'S1425361874.759458,VS0,VE767',
31 silly registry.get     'keep-alive': 'timeout=10, max=50',
31 silly registry.get     connection: 'Keep-Alive' } ]
32 silly lockFile 69a2e0b3-streamqueu streamqueu@
33 silly lockFile 69a2e0b3-streamqueu streamqueu@
34 error 404 404 Not Found: streamqueu
34 error 404
34 error 404 'streamqueu' is not in the npm registry.
34 error 404 You should bug the author to publish it
34 error 404 It was specified as a dependency of 'BNM_digital_styleguide'
34 error 404
34 error 404 Note that you can also install from a
34 error 404 tarball, folder, or http url, or git url.
35 error System Darwin 14.0.0
36 error command "node" "/usr/local/bin/npm" "install" "--save-dev" "streamqueu"
37 error cwd /Users/mparker/Development/BNM_digital_styleguide
38 error node -v v0.10.33
39 error npm -v 1.4.28
40 error code E404
41 verbose exit [ 1, true ]
